CRITICAL - 2025-05-04 22:14:51 --> ArgumentCountError: Too few arguments to function App\Controllers\Home::__construct(), 0 passed in C:\xampp\htdocs\carteirafinanceira\system\CodeIgniter.php on line 903 and exactly 1 expected
[Method: POST, Route: inserirUsuarios]
in APPPATH\Controllers\Home.php on line 8.
 1 SYSTEMPATH\CodeIgniter.php(903): App\Controllers\Home->__construct()
 2 SYSTEMPATH\CodeIgniter.php(498): CodeIgniter\CodeIgniter->createController()
 3 SYSTEMPATH\CodeIgniter.php(354): CodeIgniter\CodeIgniter->handleRequest(null, Object(Config\Cache), false)
 4 SYSTEMPATH\Boot.php(334): CodeIgniter\CodeIgniter->run()
 5 SYSTEMPATH\Boot.php(67): CodeIgniter\Boot::runCodeIgniter(Object(CodeIgniter\CodeIgniter))
 6 FCPATH\index.php(59): CodeIgniter\Boot::bootWeb(Object(Config\Paths))
 7 SYSTEMPATH\rewrite.php(44): require_once('C:\\xampp\\htdocs\\carteirafinanceira\\public\\index.php')
CRITICAL - 2025-05-04 22:20:14 --> ArgumentCountError: Too few arguments to function App\Controllers\Home::__construct(), 0 passed in C:\xampp\htdocs\carteirafinanceira\system\CodeIgniter.php on line 903 and exactly 1 expected
[Method: POST, Route: inserirUsuarios]
in APPPATH\Controllers\Home.php on line 11.
 1 SYSTEMPATH\CodeIgniter.php(903): App\Controllers\Home->__construct()
 2 SYSTEMPATH\CodeIgniter.php(498): CodeIgniter\CodeIgniter->createController()
 3 SYSTEMPATH\CodeIgniter.php(354): CodeIgniter\CodeIgniter->handleRequest(null, Object(Config\Cache), false)
 4 SYSTEMPATH\Boot.php(334): CodeIgniter\CodeIgniter->run()
 5 SYSTEMPATH\Boot.php(67): CodeIgniter\Boot::runCodeIgniter(Object(CodeIgniter\CodeIgniter))
 6 FCPATH\index.php(59): CodeIgniter\Boot::bootWeb(Object(Config\Paths))
 7 SYSTEMPATH\rewrite.php(44): require_once('C:\\xampp\\htdocs\\carteirafinanceira\\public\\index.php')
CRITICAL - 2025-05-04 22:20:15 --> ArgumentCountError: Too few arguments to function App\Controllers\Home::__construct(), 0 passed in C:\xampp\htdocs\carteirafinanceira\system\CodeIgniter.php on line 903 and exactly 1 expected
[Method: GET, Route: listausuarios]
in APPPATH\Controllers\Home.php on line 11.
 1 SYSTEMPATH\CodeIgniter.php(903): App\Controllers\Home->__construct()
 2 SYSTEMPATH\CodeIgniter.php(498): CodeIgniter\CodeIgniter->createController()
 3 SYSTEMPATH\CodeIgniter.php(354): CodeIgniter\CodeIgniter->handleRequest(null, Object(Config\Cache), false)
 4 SYSTEMPATH\Boot.php(334): CodeIgniter\CodeIgniter->run()
 5 SYSTEMPATH\Boot.php(67): CodeIgniter\Boot::runCodeIgniter(Object(CodeIgniter\CodeIgniter))
 6 FCPATH\index.php(59): CodeIgniter\Boot::bootWeb(Object(Config\Paths))
 7 SYSTEMPATH\rewrite.php(44): require_once('C:\\xampp\\htdocs\\carteirafinanceira\\public\\index.php')
CRITICAL - 2025-05-04 22:20:19 --> ArgumentCountError: Too few arguments to function App\Controllers\Home::__construct(), 0 passed in C:\xampp\htdocs\carteirafinanceira\system\CodeIgniter.php on line 903 and exactly 1 expected
[Method: GET, Route: listausuarios]
in APPPATH\Controllers\Home.php on line 11.
 1 SYSTEMPATH\CodeIgniter.php(903): App\Controllers\Home->__construct()
 2 SYSTEMPATH\CodeIgniter.php(498): CodeIgniter\CodeIgniter->createController()
 3 SYSTEMPATH\CodeIgniter.php(354): CodeIgniter\CodeIgniter->handleRequest(null, Object(Config\Cache), false)
 4 SYSTEMPATH\Boot.php(334): CodeIgniter\CodeIgniter->run()
 5 SYSTEMPATH\Boot.php(67): CodeIgniter\Boot::runCodeIgniter(Object(CodeIgniter\CodeIgniter))
 6 FCPATH\index.php(59): CodeIgniter\Boot::bootWeb(Object(Config\Paths))
 7 SYSTEMPATH\rewrite.php(44): require_once('C:\\xampp\\htdocs\\carteirafinanceira\\public\\index.php')
CRITICAL - 2025-05-04 22:20:20 --> ArgumentCountError: Too few arguments to function App\Controllers\Home::__construct(), 0 passed in C:\xampp\htdocs\carteirafinanceira\system\CodeIgniter.php on line 903 and exactly 1 expected
[Method: GET, Route: /]
in APPPATH\Controllers\Home.php on line 11.
 1 SYSTEMPATH\CodeIgniter.php(903): App\Controllers\Home->__construct()
 2 SYSTEMPATH\CodeIgniter.php(498): CodeIgniter\CodeIgniter->createController()
 3 SYSTEMPATH\CodeIgniter.php(354): CodeIgniter\CodeIgniter->handleRequest(null, Object(Config\Cache), false)
 4 SYSTEMPATH\Boot.php(334): CodeIgniter\CodeIgniter->run()
 5 SYSTEMPATH\Boot.php(67): CodeIgniter\Boot::runCodeIgniter(Object(CodeIgniter\CodeIgniter))
 6 FCPATH\index.php(59): CodeIgniter\Boot::bootWeb(Object(Config\Paths))
 7 SYSTEMPATH\rewrite.php(44): require_once('C:\\xampp\\htdocs\\carteirafinanceira\\public\\index.php')
CRITICAL - 2025-05-04 22:20:23 --> ArgumentCountError: Too few arguments to function App\Controllers\Home::__construct(), 0 passed in C:\xampp\htdocs\carteirafinanceira\system\CodeIgniter.php on line 903 and exactly 1 expected
[Method: GET, Route: /]
in APPPATH\Controllers\Home.php on line 11.
 1 SYSTEMPATH\CodeIgniter.php(903): App\Controllers\Home->__construct()
 2 SYSTEMPATH\CodeIgniter.php(498): CodeIgniter\CodeIgniter->createController()
 3 SYSTEMPATH\CodeIgniter.php(354): CodeIgniter\CodeIgniter->handleRequest(null, Object(Config\Cache), false)
 4 SYSTEMPATH\Boot.php(334): CodeIgniter\CodeIgniter->run()
 5 SYSTEMPATH\Boot.php(67): CodeIgniter\Boot::runCodeIgniter(Object(CodeIgniter\CodeIgniter))
 6 FCPATH\index.php(59): CodeIgniter\Boot::bootWeb(Object(Config\Paths))
 7 SYSTEMPATH\rewrite.php(44): require_once('C:\\xampp\\htdocs\\carteirafinanceira\\public\\index.php')
CRITICAL - 2025-05-04 22:21:07 --> ArgumentCountError: Too few arguments to function App\Controllers\Home::__construct(), 0 passed in C:\xampp\htdocs\carteirafinanceira\system\CodeIgniter.php on line 903 and exactly 1 expected
[Method: GET, Route: /]
in APPPATH\Controllers\Home.php on line 11.
 1 SYSTEMPATH\CodeIgniter.php(903): App\Controllers\Home->__construct()
 2 SYSTEMPATH\CodeIgniter.php(498): CodeIgniter\CodeIgniter->createController()
 3 SYSTEMPATH\CodeIgniter.php(354): CodeIgniter\CodeIgniter->handleRequest(null, Object(Config\Cache), false)
 4 SYSTEMPATH\Boot.php(334): CodeIgniter\CodeIgniter->run()
 5 SYSTEMPATH\Boot.php(67): CodeIgniter\Boot::runCodeIgniter(Object(CodeIgniter\CodeIgniter))
 6 FCPATH\index.php(59): CodeIgniter\Boot::bootWeb(Object(Config\Paths))
 7 SYSTEMPATH\rewrite.php(44): require_once('C:\\xampp\\htdocs\\carteirafinanceira\\public\\index.php')
CRITICAL - 2025-05-04 22:23:15 --> ErrorException: Declaration of App\Repository\UserRepository::delete(CodeIgniter\HTTP\Request $request) must be compatible with App\Interfaces\UserInterface::delete(CodeIgniter\HTTP\Request $request, $id)
[Method: GET, Route: /]
in APPPATH\Repository\UserRepository.php on line 46.
 1 [internal function]: CodeIgniter\Debug\Exceptions->shutdownHandler()
CRITICAL - 2025-05-04 22:23:46 --> ErrorException: Class App\Repository\UserRepository contains 1 abstract method and must therefore be declared abstract or implement the remaining methods (App\Interfaces\UserInterface::delete)
[Method: GET, Route: /]
in APPPATH\Repository\UserRepository.php on line 8.
 1 [internal function]: CodeIgniter\Debug\Exceptions->shutdownHandler()
CRITICAL - 2025-05-04 22:24:57 --> Error: Call to undefined method CodeIgniter\HTTP\IncomingRequest::all()
[Method: POST, Route: inserirUsuarios]
in APPPATH\Controllers\Home.php on line 33.
 1 SYSTEMPATH\CodeIgniter.php(933): App\Controllers\Home->insertUser()
 2 SYSTEMPATH\CodeIgniter.php(507): CodeIgniter\CodeIgniter->runController(Object(App\Controllers\Home))
 3 SYSTEMPATH\CodeIgniter.php(354): CodeIgniter\CodeIgniter->handleRequest(null, Object(Config\Cache), false)
 4 SYSTEMPATH\Boot.php(334): CodeIgniter\CodeIgniter->run()
 5 SYSTEMPATH\Boot.php(67): CodeIgniter\Boot::runCodeIgniter(Object(CodeIgniter\CodeIgniter))
 6 FCPATH\index.php(59): CodeIgniter\Boot::bootWeb(Object(Config\Paths))
 7 SYSTEMPATH\rewrite.php(44): require_once('C:\\xampp\\htdocs\\carteirafinanceira\\public\\index.php')
CRITICAL - 2025-05-04 23:51:42 --> Error: Call to undefined function App\Services\hash_password()
[Method: POST, Route: login]
in APPPATH\Services\AuthService.php on line 7.
 1 APPPATH\Controllers\Login.php(25): App\Services\AuthService::encryptPassword('senha123')
 2 SYSTEMPATH\CodeIgniter.php(933): App\Controllers\Login->authUser()
 3 SYSTEMPATH\CodeIgniter.php(507): CodeIgniter\CodeIgniter->runController(Object(App\Controllers\Login))
 4 SYSTEMPATH\CodeIgniter.php(354): CodeIgniter\CodeIgniter->handleRequest(null, Object(Config\Cache), false)
 5 SYSTEMPATH\Boot.php(334): CodeIgniter\CodeIgniter->run()
 6 SYSTEMPATH\Boot.php(67): CodeIgniter\Boot::runCodeIgniter(Object(CodeIgniter\CodeIgniter))
 7 FCPATH\index.php(59): CodeIgniter\Boot::bootWeb(Object(Config\Paths))
 8 SYSTEMPATH\rewrite.php(44): require_once('C:\\xampp\\htdocs\\carteirafinanceira\\public\\index.php')
